\BOOKMARK [1][-]{section.1}{\376\377\000I\000n\000t\000r\000o\000d\000u\000c\000t\000i\000o\000n}{}% 1
\BOOKMARK [2][-]{subsection.1.1}{\376\377\000O\000v\000e\000r\000v\000i\000e\000w}{section.1}% 2
\BOOKMARK [2][-]{subsection.1.2}{\376\377\000P\000u\000r\000p\000o\000s\000e\000\040\000o\000f\000\040\000t\000h\000e\000\040\000A\000p\000p\000l\000i\000c\000a\000t\000i\000o\000n}{section.1}% 3
\BOOKMARK [2][-]{subsection.1.3}{\376\377\000O\000b\000j\000e\000c\000t\000i\000v\000e\000s}{section.1}% 4
\BOOKMARK [2][-]{subsection.1.4}{\376\377\000G\000a\000m\000e\000\040\000S\000p\000e\000c\000i\000f\000i\000c\000s}{section.1}% 5
\BOOKMARK [3][-]{subsubsection.1.4.1}{\376\377\000G\000a\000m\000e\000\040\000T\000h\000e\000m\000e}{subsection.1.4}% 6
\BOOKMARK [3][-]{subsubsection.1.4.2}{\376\377\000G\000a\000m\000e\000\040\000G\000e\000n\000r\000e\000s}{subsection.1.4}% 7
\BOOKMARK [3][-]{subsubsection.1.4.3}{\376\377\000G\000a\000m\000e\000p\000l\000a\000y\000\040\000a\000n\000d\000\040\000M\000e\000c\000h\000a\000n\000i\000c\000s}{subsection.1.4}% 8
\BOOKMARK [3][-]{subsubsection.1.4.4}{\376\377\000S\000t\000o\000r\000y\000,\000\040\000S\000e\000t\000t\000i\000n\000g\000,\000\040\000a\000n\000d\000\040\000C\000h\000a\000r\000a\000c\000t\000e\000r}{subsection.1.4}% 9
\BOOKMARK [3][-]{subsubsection.1.4.5}{\376\377\000L\000e\000v\000e\000l\000s}{subsection.1.4}% 10
\BOOKMARK [3][-]{subsubsection.1.4.6}{\376\377\000I\000n\000t\000e\000r\000f\000a\000c\000e}{subsection.1.4}% 11
\BOOKMARK [3][-]{subsubsection.1.4.7}{\376\377\000M\000a\000p\000\040\000V\000i\000e\000w}{subsection.1.4}% 12
\BOOKMARK [3][-]{subsubsection.1.4.8}{\376\377\000E\000v\000e\000n\000t\000\040\000a\000n\000d\000\040\000D\000i\000a\000l\000o\000g\000u\000e\000\040\000B\000o\000x}{subsection.1.4}% 13
\BOOKMARK [3][-]{subsubsection.1.4.9}{\376\377\000C\000o\000n\000t\000r\000o\000l\000\040\000P\000a\000n\000e\000l\000s}{subsection.1.4}% 14
\BOOKMARK [3][-]{subsubsection.1.4.10}{\376\377\000H\000i\000s\000t\000o\000r\000y}{subsection.1.4}% 15
\BOOKMARK [3][-]{subsubsection.1.4.11}{\376\377\000D\000i\000c\000t\000i\000o\000n\000a\000r\000y}{subsection.1.4}% 16
\BOOKMARK [3][-]{subsubsection.1.4.12}{\376\377\000C\000o\000m\000b\000a\000t\000s}{subsection.1.4}% 17
\BOOKMARK [2][-]{subsection.1.5}{\376\377\000S\000c\000o\000p\000e\000\040\000a\000n\000d\000\040\000D\000e\000l\000i\000m\000i\000t\000a\000t\000i\000o\000n}{section.1}% 18
\BOOKMARK [2][-]{subsection.1.6}{\376\377\000T\000a\000r\000g\000e\000t\000\040\000A\000u\000d\000i\000e\000n\000c\000e\000\040\000a\000n\000d\000\040\000P\000l\000a\000t\000f\000o\000r\000m}{section.1}% 19
\BOOKMARK [2][-]{subsection.1.7}{\376\377\000C\000o\000n\000c\000e\000p\000t\000\040\000o\000f\000\040\000t\000h\000e\000\040\000P\000r\000o\000j\000e\000c\000t}{section.1}% 20
\BOOKMARK [1][-]{section.2}{\376\377\000T\000E\000C\000H\000N\000I\000C\000A\000L\000\040\000B\000A\000C\000K\000G\000R\000O\000U\000N\000D}{}% 21
\BOOKMARK [1][-]{section.3}{\376\377\000M\000E\000T\000H\000O\000D\000O\000L\000O\000G\000Y}{}% 22
\BOOKMARK [2][-]{subsection.3.1}{\376\377\000D\000e\000v\000e\000l\000o\000p\000m\000e\000n\000t\000\040\000P\000r\000o\000c\000e\000s\000s}{section.3}% 23
\BOOKMARK [2][-]{subsection.3.2}{\376\377\000D\000e\000v\000e\000l\000o\000p\000m\000e\000n\000t\000\040\000P\000r\000o\000c\000e\000s\000s}{section.3}% 24
\BOOKMARK [2][-]{subsection.3.3}{\376\377\000D\000i\000a\000g\000r\000a\000m\000s}{section.3}% 25
\BOOKMARK [3][-]{subsubsection.3.3.1}{\376\377\000U\000s\000e\000-\000c\000a\000s\000e\000\040\000D\000i\000a\000g\000r\000a\000m}{subsection.3.3}% 26
\BOOKMARK [3][-]{subsubsection.3.3.2}{\376\377\000A\000c\000t\000i\000v\000i\000t\000y\000\040\000D\000i\000a\000g\000r\000a\000m}{subsection.3.3}% 27
\BOOKMARK [3][-]{subsubsection.3.3.3}{\376\377\000D\000a\000t\000a\000\040\000D\000i\000a\000g\000r\000a\000m}{subsection.3.3}% 28
\BOOKMARK [2][-]{subsection.3.4}{\376\377\000F\000e\000a\000t\000u\000r\000e\000s\000\040\000a\000n\000d\000\040\000F\000u\000n\000c\000t\000i\000o\000n\000a\000l\000i\000t\000i\000e\000s}{section.3}% 29
\BOOKMARK [3][-]{subsubsection.3.4.1}{\376\377\000C\000o\000r\000e\000\040\000G\000a\000m\000e\000p\000l\000a\000y}{subsection.3.4}% 30
\BOOKMARK [3][-]{subsubsection.3.4.2}{\376\377\000P\000l\000a\000y\000e\000r\000\040\000M\000a\000n\000a\000g\000e\000m\000e\000n\000t}{subsection.3.4}% 31
\BOOKMARK [3][-]{subsubsection.3.4.3}{\376\377\000N\000P\000C\000\040\000a\000n\000d\000\040\000A\000I}{subsection.3.4}% 32
\BOOKMARK [3][-]{subsubsection.3.4.4}{\376\377\000U\000I\000/\000U\000X}{subsection.3.4}% 33
\BOOKMARK [3][-]{subsubsection.3.4.5}{\376\377\000S\000y\000s\000t\000e\000m}{subsection.3.4}% 34
\BOOKMARK [2][-]{subsection.3.5}{\376\377\000T\000i\000m\000e\000l\000i\000n\000e\000\040\000a\000n\000d\000\040\000D\000e\000v\000e\000l\000o\000p\000m\000e\000n\000t\000\040\000M\000i\000l\000e\000s\000t\000o\000n\000e\000s}{section.3}% 35
